[*] /usr/pkgsrc/x11/picom/work/.tools/bin/true
<.> true 
[*] /usr/pkgsrc/x11/picom/work/.tools/bin/true
<.> true 
[*] /usr/pkgsrc/x11/picom/work/.tools/bin/true
<.> true 
[*] /usr/pkgsrc/x11/picom/work/.tools/bin/true
<.> true 
[*] /usr/pkgsrc/x11/picom/work/.tools/bin/true
<.> true 
[*] /usr/pkgsrc/x11/picom/work/.tools/bin/true
<.> true 
[*] /usr/pkgsrc/x11/picom/work/.tools/bin/true
<.> true 
[*] /usr/pkgsrc/x11/picom/work/.tools/bin/true
<.> true 
[*] /usr/pkgsrc/x11/picom/work/.tools/bin/true
<.> true 
[*] /usr/pkgsrc/x11/picom/work/.tools/bin/true
<.> true 
[*] /usr/pkgsrc/x11/picom/work/.tools/bin/true
<.> true 
[*] /usr/pkgsrc/x11/picom/work/.tools/bin/true
<.> true 
[*] /usr/pkgsrc/x11/picom/work/.tools/bin/true
<.> true 
[*] /usr/pkgsrc/x11/picom/work/.tools/bin/true
<.> true 
[*] /usr/pkgsrc/x11/picom/work/.tools/bin/true
<.> true 
[*] /usr/pkgsrc/x11/picom/work/.tools/bin/true
<.> true 
[*] /usr/pkgsrc/x11/picom/work/.tools/bin/true
<.> true 
[*] /usr/pkgsrc/x11/picom/work/.tools/bin/true
<.> true 
[*] /usr/pkgsrc/x11/picom/work/.tools/bin/true
<.> true 
[*] /usr/pkgsrc/x11/picom/work/.tools/bin/true
<.> true 
[*] /usr/pkgsrc/x11/picom/work/.tools/bin/true
<.> true 
[*] cc --version
<.> /usr/pkgsrc/x11/picom/work/.gcc/bin/gcc -fcommon --version -fPIC -D_FORTIFY_SOURCE=2 -fstack-protector-strong -I/usr/pkgsrc/x11/picom/work/.buildlink/include -pie
[*] cc -E -dM -
<.> /usr/pkgsrc/x11/picom/work/.gcc/bin/gcc -fcommon -E -dM - -fPIC -D_FORTIFY_SOURCE=2 -fstack-protector-strong -I/usr/pkgsrc/x11/picom/work/.buildlink/include
[*] cc -Wl,--version -O2 -fPIC -D_FORTIFY_SOURCE=2 -I/usr/pkg/include -I/usr/include -I/usr/pkg/include/ev -I/usr/X11R7/include -I/usr/X11R7/include/libdrm -I/usr/pkg/include -I/usr/include -I/usr/pkg/include/ev -I/usr/X11R7/include -I/usr/X11R7/include/libdrm
<.> /usr/pkgsrc/x11/picom/work/.gcc/bin/gcc -fcommon -Wl,--version -O2 -fPIC -D_FORTIFY_SOURCE=2 -I/usr/pkgsrc/x11/picom/work/.buildlink/include -I/usr/pkgsrc/x11/picom/work/.buildlink/include/ev -I/usr/pkgsrc/x11/picom/work/.x11-buildlink/include -I/usr/pkgsrc/x11/picom/work/.x11-buildlink/include/libdrm -fPIC -D_FORTIFY_SOURCE=2 -fstack-protector-strong -pie
[*] cc /usr/pkgsrc/x11/picom/work/picom-7.5/output/meson-private/sanitycheckc.c -o /usr/pkgsrc/x11/picom/work/picom-7.5/output/meson-private/sanitycheckc.exe -O2 -fPIC -D_FORTIFY_SOURCE=2 -I/usr/pkg/include -I/usr/include -I/usr/pkg/include/ev -I/usr/X11R7/include -I/usr/X11R7/include/libdrm -I/usr/pkg/include -I/usr/include -I/usr/pkg/include/ev -I/usr/X11R7/include -I/usr/X11R7/include/libdrm -D_FILE_OFFSET_BITS=64 -Wl,-zrelro -Wl,-znow -L/usr/pkg/lib -Wl,-R/usr/pkg/lib -L/usr/lib -Wl,-R/usr/lib -L/usr/pkg/lib/ev -Wl,-R/usr/pkg/lib/ev -L/usr/X11R7/lib -Wl,-R/usr/X11R7/lib
<.> /usr/pkgsrc/x11/picom/work/.gcc/bin/gcc -fcommon /usr/pkgsrc/x11/picom/work/picom-7.5/output/meson-private/sanitycheckc.c -o /usr/pkgsrc/x11/picom/work/picom-7.5/output/meson-private/sanitycheckc.exe -O2 -fPIC -D_FORTIFY_SOURCE=2 -I/usr/pkgsrc/x11/picom/work/.buildlink/include -I/usr/pkgsrc/x11/picom/work/.buildlink/include/ev -I/usr/pkgsrc/x11/picom/work/.x11-buildlink/include -I/usr/pkgsrc/x11/picom/work/.x11-buildlink/include/libdrm -D_FILE_OFFSET_BITS=64 -Wl,-zrelro -Wl,-znow -L/usr/pkgsrc/x11/picom/work/.buildlink/lib -Wl,-rpath,/usr/pkg/lib -L/usr/pkgsrc/x11/picom/work/.buildlink/lib/ev -Wl,-rpath,/usr/pkg/lib/ev -L/usr/pkgsrc/x11/picom/work/.x11-buildlink/lib -Wl,-rpath,/usr/X11R7/lib -fPIC -D_FORTIFY_SOURCE=2 -fstack-protector-strong -pie
[*] cc --version
<.> /usr/pkgsrc/x11/picom/work/.gcc/bin/gcc -fcommon --version -fPIC -D_FORTIFY_SOURCE=2 -fstack-protector-strong -I/usr/pkgsrc/x11/picom/work/.buildlink/include -pie
[*] cc -E -dM -
<.> /usr/pkgsrc/x11/picom/work/.gcc/bin/gcc -fcommon -E -dM - -fPIC -D_FORTIFY_SOURCE=2 -fstack-protector-strong -I/usr/pkgsrc/x11/picom/work/.buildlink/include
[*] cc -Wl,--version -O2 -fPIC -D_FORTIFY_SOURCE=2 -I/usr/pkg/include -I/usr/include -I/usr/pkg/include/ev -I/usr/X11R7/include -I/usr/X11R7/include/libdrm -I/usr/pkg/include -I/usr/include -I/usr/pkg/include/ev -I/usr/X11R7/include -I/usr/X11R7/include/libdrm
<.> /usr/pkgsrc/x11/picom/work/.gcc/bin/gcc -fcommon -Wl,--version -O2 -fPIC -D_FORTIFY_SOURCE=2 -I/usr/pkgsrc/x11/picom/work/.buildlink/include -I/usr/pkgsrc/x11/picom/work/.buildlink/include/ev -I/usr/pkgsrc/x11/picom/work/.x11-buildlink/include -I/usr/pkgsrc/x11/picom/work/.x11-buildlink/include/libdrm -fPIC -D_FORTIFY_SOURCE=2 -fstack-protector-strong -pie
[*] cc /usr/pkgsrc/x11/picom/work/picom-7.5/output/meson-private/sanitycheckc.c -o /usr/pkgsrc/x11/picom/work/picom-7.5/output/meson-private/sanitycheckc.exe -O2 -fPIC -D_FORTIFY_SOURCE=2 -I/usr/pkg/include -I/usr/include -I/usr/pkg/include/ev -I/usr/X11R7/include -I/usr/X11R7/include/libdrm -I/usr/pkg/include -I/usr/include -I/usr/pkg/include/ev -I/usr/X11R7/include -I/usr/X11R7/include/libdrm -D_FILE_OFFSET_BITS=64 -Wl,-zrelro -Wl,-znow -L/usr/pkg/lib -Wl,-R/usr/pkg/lib -L/usr/lib -Wl,-R/usr/lib -L/usr/pkg/lib/ev -Wl,-R/usr/pkg/lib/ev -L/usr/X11R7/lib -Wl,-R/usr/X11R7/lib
<.> /usr/pkgsrc/x11/picom/work/.gcc/bin/gcc -fcommon /usr/pkgsrc/x11/picom/work/picom-7.5/output/meson-private/sanitycheckc.c -o /usr/pkgsrc/x11/picom/work/picom-7.5/output/meson-private/sanitycheckc.exe -O2 -fPIC -D_FORTIFY_SOURCE=2 -I/usr/pkgsrc/x11/picom/work/.buildlink/include -I/usr/pkgsrc/x11/picom/work/.buildlink/include/ev -I/usr/pkgsrc/x11/picom/work/.x11-buildlink/include -I/usr/pkgsrc/x11/picom/work/.x11-buildlink/include/libdrm -D_FILE_OFFSET_BITS=64 -Wl,-zrelro -Wl,-znow -L/usr/pkgsrc/x11/picom/work/.buildlink/lib -Wl,-rpath,/usr/pkg/lib -L/usr/pkgsrc/x11/picom/work/.buildlink/lib/ev -Wl,-rpath,/usr/pkg/lib/ev -L/usr/pkgsrc/x11/picom/work/.x11-buildlink/lib -Wl,-rpath,/usr/X11R7/lib -fPIC -D_FORTIFY_SOURCE=2 -fstack-protector-strong -pie
[*] cc -xc -E -v -
<.> /usr/pkgsrc/x11/picom/work/.gcc/bin/gcc -fcommon -xc -E -v - -fPIC -D_FORTIFY_SOURCE=2 -fstack-protector-strong -I/usr/pkgsrc/x11/picom/work/.buildlink/include
[*] cc -I/usr/pkg/include -I/usr/include -I/usr/pkg/include/ev -I/usr/X11R7/include -I/usr/X11R7/include/libdrm /usr/pkgsrc/x11/picom/work/picom-7.5/output/meson-private/tmpjkuxu4hy/testfile.c -E -P -O2 -fPIC -D_FORTIFY_SOURCE=2 -D_FILE_OFFSET_BITS=64 -P -O0 -std=c11
<.> /usr/pkgsrc/x11/picom/work/.gcc/bin/gcc -fcommon -I/usr/pkgsrc/x11/picom/work/.buildlink/include -I/usr/pkgsrc/x11/picom/work/.buildlink/include/ev -I/usr/pkgsrc/x11/picom/work/.x11-buildlink/include -I/usr/pkgsrc/x11/picom/work/.x11-buildlink/include/libdrm /usr/pkgsrc/x11/picom/work/picom-7.5/output/meson-private/tmpjkuxu4hy/testfile.c -E -P -O2 -fPIC -D_FORTIFY_SOURCE=2 -D_FILE_OFFSET_BITS=64 -P -O0 -std=c11 -fPIC -D_FORTIFY_SOURCE=2 -fstack-protector-strong
[*] cc -I/usr/pkg/include -I/usr/include -I/usr/pkg/include/ev -I/usr/X11R7/include -I/usr/X11R7/include/libdrm /usr/pkgsrc/x11/picom/work/picom-7.5/output/meson-private/tmpkh3lvbph/testfile.c -o /usr/pkgsrc/x11/picom/work/picom-7.5/output/meson-private/tmpkh3lvbph/output.obj -c -O2 -fPIC -D_FORTIFY_SOURCE=2 -D_FILE_OFFSET_BITS=64 -O0 -Wall
<.> /usr/pkgsrc/x11/picom/work/.gcc/bin/gcc -fcommon -I/usr/pkgsrc/x11/picom/work/.buildlink/include -I/usr/pkgsrc/x11/picom/work/.buildlink/include/ev -I/usr/pkgsrc/x11/picom/work/.x11-buildlink/include -I/usr/pkgsrc/x11/picom/work/.x11-buildlink/include/libdrm /usr/pkgsrc/x11/picom/work/picom-7.5/output/meson-private/tmpkh3lvbph/testfile.c -o /usr/pkgsrc/x11/picom/work/picom-7.5/output/meson-private/tmpkh3lvbph/output.obj -c -O2 -fPIC -D_FORTIFY_SOURCE=2 -D_FILE_OFFSET_BITS=64 -O0 -Wall -fPIC -D_FORTIFY_SOURCE=2 -fstack-protector-strong
[*] cc -I/usr/pkg/include -I/usr/include -I/usr/pkg/include/ev -I/usr/X11R7/include -I/usr/X11R7/include/libdrm /usr/pkgsrc/x11/picom/work/picom-7.5/output/meson-private/tmpn4oeewxr/testfile.c -o /usr/pkgsrc/x11/picom/work/picom-7.5/output/meson-private/tmpn4oeewxr/output.obj -c -O2 -fPIC -D_FORTIFY_SOURCE=2 -D_FILE_OFFSET_BITS=64 -O0 -Wextra
<.> /usr/pkgsrc/x11/picom/work/.gcc/bin/gcc -fcommon -I/usr/pkgsrc/x11/picom/work/.buildlink/include -I/usr/pkgsrc/x11/picom/work/.buildlink/include/ev -I/usr/pkgsrc/x11/picom/work/.x11-buildlink/include -I/usr/pkgsrc/x11/picom/work/.x11-buildlink/include/libdrm /usr/pkgsrc/x11/picom/work/picom-7.5/output/meson-private/tmpn4oeewxr/testfile.c -o /usr/pkgsrc/x11/picom/work/picom-7.5/output/meson-private/tmpn4oeewxr/output.obj -c -O2 -fPIC -D_FORTIFY_SOURCE=2 -D_FILE_OFFSET_BITS=64 -O0 -Wextra -fPIC -D_FORTIFY_SOURCE=2 -fstack-protector-strong
[*] cc -I/usr/pkg/include -I/usr/include -I/usr/pkg/include/ev -I/usr/X11R7/include -I/usr/X11R7/include/libdrm /usr/pkgsrc/x11/picom/work/picom-7.5/output/meson-private/tmp1d1prsjk/testfile.c -o /usr/pkgsrc/x11/picom/work/picom-7.5/output/meson-private/tmp1d1prsjk/output.obj -c -O2 -fPIC -D_FORTIFY_SOURCE=2 -D_FILE_OFFSET_BITS=64 -O0 -Wunused-parameter -Wno-unused-parameter
<.> /usr/pkgsrc/x11/picom/work/.gcc/bin/gcc -fcommon -I/usr/pkgsrc/x11/picom/work/.buildlink/include -I/usr/pkgsrc/x11/picom/work/.buildlink/include/ev -I/usr/pkgsrc/x11/picom/work/.x11-buildlink/include -I/usr/pkgsrc/x11/picom/work/.x11-buildlink/include/libdrm /usr/pkgsrc/x11/picom/work/picom-7.5/output/meson-private/tmp1d1prsjk/testfile.c -o /usr/pkgsrc/x11/picom/work/picom-7.5/output/meson-private/tmp1d1prsjk/output.obj -c -O2 -fPIC -D_FORTIFY_SOURCE=2 -D_FILE_OFFSET_BITS=64 -O0 -Wunused-parameter -Wno-unused-parameter -fPIC -D_FORTIFY_SOURCE=2 -fstack-protector-strong
[*] cc -I/usr/pkg/include -I/usr/include -I/usr/pkg/include/ev -I/usr/X11R7/include -I/usr/X11R7/include/libdrm /usr/pkgsrc/x11/picom/work/picom-7.5/output/meson-private/tmpbsifikou/testfile.c -o /usr/pkgsrc/x11/picom/work/picom-7.5/output/meson-private/tmpbsifikou/output.obj -c -O2 -fPIC -D_FORTIFY_SOURCE=2 -D_FILE_OFFSET_BITS=64 -O0 -Wnonnull
<.> /usr/pkgsrc/x11/picom/work/.gcc/bin/gcc -fcommon -I/usr/pkgsrc/x11/picom/work/.buildlink/include -I/usr/pkgsrc/x11/picom/work/.buildlink/include/ev -I/usr/pkgsrc/x11/picom/work/.x11-buildlink/include -I/usr/pkgsrc/x11/picom/work/.x11-buildlink/include/libdrm /usr/pkgsrc/x11/picom/work/picom-7.5/output/meson-private/tmpbsifikou/testfile.c -o /usr/pkgsrc/x11/picom/work/picom-7.5/output/meson-private/tmpbsifikou/output.obj -c -O2 -fPIC -D_FORTIFY_SOURCE=2 -D_FILE_OFFSET_BITS=64 -O0 -Wnonnull -fPIC -D_FORTIFY_SOURCE=2 -fstack-protector-strong
[*] cc -I/usr/pkg/include -I/usr/include -I/usr/pkg/include/ev -I/usr/X11R7/include -I/usr/X11R7/include/libdrm /usr/pkgsrc/x11/picom/work/picom-7.5/output/meson-private/tmpx2k5ls80/testfile.c -o /usr/pkgsrc/x11/picom/work/picom-7.5/output/meson-private/tmpx2k5ls80/output.obj -c -O2 -fPIC -D_FORTIFY_SOURCE=2 -D_FILE_OFFSET_BITS=64 -O0 -Wshadow
<.> /usr/pkgsrc/x11/picom/work/.gcc/bin/gcc -fcommon -I/usr/pkgsrc/x11/picom/work/.buildlink/include -I/usr/pkgsrc/x11/picom/work/.buildlink/include/ev -I/usr/pkgsrc/x11/picom/work/.x11-buildlink/include -I/usr/pkgsrc/x11/picom/work/.x11-buildlink/include/libdrm /usr/pkgsrc/x11/picom/work/picom-7.5/output/meson-private/tmpx2k5ls80/testfile.c -o /usr/pkgsrc/x11/picom/work/picom-7.5/output/meson-private/tmpx2k5ls80/output.obj -c -O2 -fPIC -D_FORTIFY_SOURCE=2 -D_FILE_OFFSET_BITS=64 -O0 -Wshadow -fPIC -D_FORTIFY_SOURCE=2 -fstack-protector-strong
[*] cc -I/usr/pkg/include -I/usr/include -I/usr/pkg/include/ev -I/usr/X11R7/include -I/usr/X11R7/include/libdrm /usr/pkgsrc/x11/picom/work/picom-7.5/output/meson-private/tmpux4unhew/testfile.c -o /usr/pkgsrc/x11/picom/work/picom-7.5/output/meson-private/tmpux4unhew/output.obj -c -O2 -fPIC -D_FORTIFY_SOURCE=2 -D_FILE_OFFSET_BITS=64 -O0 -Wtype-limits -Wno-type-limits
<.> /usr/pkgsrc/x11/picom/work/.gcc/bin/gcc -fcommon -I/usr/pkgsrc/x11/picom/work/.buildlink/include -I/usr/pkgsrc/x11/picom/work/.buildlink/include/ev -I/usr/pkgsrc/x11/picom/work/.x11-buildlink/include -I/usr/pkgsrc/x11/picom/work/.x11-buildlink/include/libdrm /usr/pkgsrc/x11/picom/work/picom-7.5/output/meson-private/tmpux4unhew/testfile.c -o /usr/pkgsrc/x11/picom/work/picom-7.5/output/meson-private/tmpux4unhew/output.obj -c -O2 -fPIC -D_FORTIFY_SOURCE=2 -D_FILE_OFFSET_BITS=64 -O0 -Wtype-limits -Wno-type-limits -fPIC -D_FORTIFY_SOURCE=2 -fstack-protector-strong
[*] cc -I/usr/pkg/include -I/usr/include -I/usr/pkg/include/ev -I/usr/X11R7/include -I/usr/X11R7/include/libdrm /usr/pkgsrc/x11/picom/work/picom-7.5/output/meson-private/tmpos8rfsoq/testfile.c -o /usr/pkgsrc/x11/picom/work/picom-7.5/output/meson-private/tmpos8rfsoq/output.obj -c -O2 -fPIC -D_FORTIFY_SOURCE=2 -D_FILE_OFFSET_BITS=64 -O0 -Wimplicit-fallthrough
<.> /usr/pkgsrc/x11/picom/work/.gcc/bin/gcc -fcommon -I/usr/pkgsrc/x11/picom/work/.buildlink/include -I/usr/pkgsrc/x11/picom/work/.buildlink/include/ev -I/usr/pkgsrc/x11/picom/work/.x11-buildlink/include -I/usr/pkgsrc/x11/picom/work/.x11-buildlink/include/libdrm /usr/pkgsrc/x11/picom/work/picom-7.5/output/meson-private/tmpos8rfsoq/testfile.c -o /usr/pkgsrc/x11/picom/work/picom-7.5/output/meson-private/tmpos8rfsoq/output.obj -c -O2 -fPIC -D_FORTIFY_SOURCE=2 -D_FILE_OFFSET_BITS=64 -O0 -Wimplicit-fallthrough -fPIC -D_FORTIFY_SOURCE=2 -fstack-protector-strong
[*] cc -I/usr/pkg/include -I/usr/include -I/usr/pkg/include/ev -I/usr/X11R7/include -I/usr/X11R7/include/libdrm /usr/pkgsrc/x11/picom/work/picom-7.5/output/meson-private/tmpfxaz6lh4/testfile.c -o /usr/pkgsrc/x11/picom/work/picom-7.5/output/meson-private/tmpfxaz6lh4/output.obj -c -O2 -fPIC -D_FORTIFY_SOURCE=2 -D_FILE_OFFSET_BITS=64 -O0 -Wunknown-warning-option -Wno-unknown-warning-option
<.> /usr/pkgsrc/x11/picom/work/.gcc/bin/gcc -fcommon -I/usr/pkgsrc/x11/picom/work/.buildlink/include -I/usr/pkgsrc/x11/picom/work/.buildlink/include/ev -I/usr/pkgsrc/x11/picom/work/.x11-buildlink/include -I/usr/pkgsrc/x11/picom/work/.x11-buildlink/include/libdrm /usr/pkgsrc/x11/picom/work/picom-7.5/output/meson-private/tmpfxaz6lh4/testfile.c -o /usr/pkgsrc/x11/picom/work/picom-7.5/output/meson-private/tmpfxaz6lh4/output.obj -c -O2 -fPIC -D_FORTIFY_SOURCE=2 -D_FILE_OFFSET_BITS=64 -O0 -Wunknown-warning-option -Wno-unknown-warning-option -fPIC -D_FORTIFY_SOURCE=2 -fstack-protector-strong
[*] cc -I/usr/pkg/include -I/usr/include -I/usr/pkg/include/ev -I/usr/X11R7/include -I/usr/X11R7/include/libdrm /usr/pkgsrc/x11/picom/work/picom-7.5/output/meson-private/tmpac72_s7b/testfile.c -o /usr/pkgsrc/x11/picom/work/picom-7.5/output/meson-private/tmpac72_s7b/output.obj -c -O2 -fPIC -D_FORTIFY_SOURCE=2 -D_FILE_OFFSET_BITS=64 -O0 -Wmissing-braces -Wno-missing-braces
<.> /usr/pkgsrc/x11/picom/work/.gcc/bin/gcc -fcommon -I/usr/pkgsrc/x11/picom/work/.buildlink/include -I/usr/pkgsrc/x11/picom/work/.buildlink/include/ev -I/usr/pkgsrc/x11/picom/work/.x11-buildlink/include -I/usr/pkgsrc/x11/picom/work/.x11-buildlink/include/libdrm /usr/pkgsrc/x11/picom/work/picom-7.5/output/meson-private/tmpac72_s7b/testfile.c -o /usr/pkgsrc/x11/picom/work/picom-7.5/output/meson-private/tmpac72_s7b/output.obj -c -O2 -fPIC -D_FORTIFY_SOURCE=2 -D_FILE_OFFSET_BITS=64 -O0 -Wmissing-braces -Wno-missing-braces -fPIC -D_FORTIFY_SOURCE=2 -fstack-protector-strong
[*] cc -I/usr/pkg/include -I/usr/include -I/usr/pkg/include/ev -I/usr/X11R7/include -I/usr/X11R7/include/libdrm /usr/pkgsrc/x11/picom/work/picom-7.5/output/meson-private/tmp5u2iznfn/testfile.c -o /usr/pkgsrc/x11/picom/work/picom-7.5/output/meson-private/tmp5u2iznfn/output.obj -c -O2 -fPIC -D_FORTIFY_SOURCE=2 -D_FILE_OFFSET_BITS=64 -O0 -Wconversion
<.> /usr/pkgsrc/x11/picom/work/.gcc/bin/gcc -fcommon -I/usr/pkgsrc/x11/picom/work/.buildlink/include -I/usr/pkgsrc/x11/picom/work/.buildlink/include/ev -I/usr/pkgsrc/x11/picom/work/.x11-buildlink/include -I/usr/pkgsrc/x11/picom/work/.x11-buildlink/include/libdrm /usr/pkgsrc/x11/picom/work/picom-7.5/output/meson-private/tmp5u2iznfn/testfile.c -o /usr/pkgsrc/x11/picom/work/picom-7.5/output/meson-private/tmp5u2iznfn/output.obj -c -O2 -fPIC -D_FORTIFY_SOURCE=2 -D_FILE_OFFSET_BITS=64 -O0 -Wconversion -fPIC -D_FORTIFY_SOURCE=2 -fstack-protector-strong
[*] /usr/pkgsrc/x11/picom/work/.tools/bin/pkg-config --version
<.> set args --version; shift; PKG_CONFIG_LIBDIR=/usr/pkgsrc/x11/picom/work/.buildlink/lib/pkgconfig:/usr/pkgsrc/x11/picom/work/.buildlink/share/pkgconfig /usr/pkg/bin/pkg-config  "$@"
[*] /usr/pkgsrc/x11/picom/work/.tools/bin/pkg-config --modversion libev
<.> set args --modversion libev; shift; PKG_CONFIG_LIBDIR=/usr/pkgsrc/x11/picom/work/.buildlink/lib/pkgconfig:/usr/pkgsrc/x11/picom/work/.buildlink/share/pkgconfig /usr/pkg/bin/pkg-config  "$@"
[*] /usr/pkgsrc/x11/picom/work/.tools/bin/false --version
<.> false  --version
[*] cc -L/usr/pkg/lib -L/usr/lib -L/usr/pkg/lib/ev -L/usr/X11R7/lib -I/usr/pkg/include -I/usr/include -I/usr/pkg/include/ev -I/usr/X11R7/include -I/usr/X11R7/include/libdrm /usr/pkgsrc/x11/picom/work/picom-7.5/output/meson-private/tmpddxx5y4m/testfile.c -o /usr/pkgsrc/x11/picom/work/picom-7.5/output/meson-private/tmpddxx5y4m/output.exe -O2 -fPIC -D_FORTIFY_SOURCE=2 -D_FILE_OFFSET_BITS=64 -O0 -Wl,--start-group -lev -Wl,--end-group -Wl,--allow-shlib-undefined -Wl,-zrelro -Wl,-znow -Wl,-R/usr/pkg/lib -Wl,-R/usr/lib -Wl,-R/usr/pkg/lib/ev -Wl,-R/usr/X11R7/lib
<.> /usr/pkgsrc/x11/picom/work/.gcc/bin/gcc -fcommon -L/usr/pkgsrc/x11/picom/work/.buildlink/lib -L/usr/pkgsrc/x11/picom/work/.buildlink/lib/ev -L/usr/pkgsrc/x11/picom/work/.x11-buildlink/lib -I/usr/pkgsrc/x11/picom/work/.buildlink/include -I/usr/pkgsrc/x11/picom/work/.buildlink/include/ev -I/usr/pkgsrc/x11/picom/work/.x11-buildlink/include -I/usr/pkgsrc/x11/picom/work/.x11-buildlink/include/libdrm /usr/pkgsrc/x11/picom/work/picom-7.5/output/meson-private/tmpddxx5y4m/testfile.c -o /usr/pkgsrc/x11/picom/work/picom-7.5/output/meson-private/tmpddxx5y4m/output.exe -O2 -fPIC -D_FORTIFY_SOURCE=2 -D_FILE_OFFSET_BITS=64 -O0 -Wl,--start-group -lev -Wl,--end-group -Wl,--allow-shlib-undefined -Wl,-zrelro -Wl,-znow -Wl,-rpath,/usr/pkg/lib -Wl,-rpath,/usr/pkg/lib/ev -Wl,-rpath,/usr/X11R7/lib -fPIC -D_FORTIFY_SOURCE=2 -fstack-protector-strong -pie
[*] cc -L/usr/pkg/lib -L/usr/lib -L/usr/pkg/lib/ev -L/usr/X11R7/lib -I/usr/pkg/include -I/usr/include -I/usr/pkg/include/ev -I/usr/X11R7/include -I/usr/X11R7/include/libdrm /usr/pkgsrc/x11/picom/work/picom-7.5/output/meson-private/tmpjs2_b096/testfile.c -o /usr/pkgsrc/x11/picom/work/picom-7.5/output/meson-private/tmpjs2_b096/output.exe -O2 -fPIC -D_FORTIFY_SOURCE=2 -D_FILE_OFFSET_BITS=64 -O0 -Wl,--start-group -lm -Wl,--end-group -Wl,--allow-shlib-undefined -Wl,-zrelro -Wl,-znow -Wl,-R/usr/pkg/lib -Wl,-R/usr/lib -Wl,-R/usr/pkg/lib/ev -Wl,-R/usr/X11R7/lib
<.> /usr/pkgsrc/x11/picom/work/.gcc/bin/gcc -fcommon -L/usr/pkgsrc/x11/picom/work/.buildlink/lib -L/usr/pkgsrc/x11/picom/work/.buildlink/lib/ev -L/usr/pkgsrc/x11/picom/work/.x11-buildlink/lib -I/usr/pkgsrc/x11/picom/work/.buildlink/include -I/usr/pkgsrc/x11/picom/work/.buildlink/include/ev -I/usr/pkgsrc/x11/picom/work/.x11-buildlink/include -I/usr/pkgsrc/x11/picom/work/.x11-buildlink/include/libdrm /usr/pkgsrc/x11/picom/work/picom-7.5/output/meson-private/tmpjs2_b096/testfile.c -o /usr/pkgsrc/x11/picom/work/picom-7.5/output/meson-private/tmpjs2_b096/output.exe -O2 -fPIC -D_FORTIFY_SOURCE=2 -D_FILE_OFFSET_BITS=64 -O0 -Wl,--start-group -lm -Wl,--end-group -Wl,--allow-shlib-undefined -Wl,-zrelro -Wl,-znow -Wl,-rpath,/usr/pkg/lib -Wl,-rpath,/usr/pkg/lib/ev -Wl,-rpath,/usr/X11R7/lib -fPIC -D_FORTIFY_SOURCE=2 -fstack-protector-strong -pie
[*] /usr/pkgsrc/x11/picom/work/.tools/bin/pkg-config --modversion xcb
<.> set args --modversion xcb; shift; PKG_CONFIG_LIBDIR=/usr/pkgsrc/x11/picom/work/.buildlink/lib/pkgconfig:/usr/pkgsrc/x11/picom/work/.buildlink/share/pkgconfig /usr/pkg/bin/pkg-config  "$@"
[*] /usr/pkgsrc/x11/picom/work/.tools/bin/pkg-config --cflags xcb
<.> set args --cflags xcb; shift; PKG_CONFIG_LIBDIR=/usr/pkgsrc/x11/picom/work/.buildlink/lib/pkgconfig:/usr/pkgsrc/x11/picom/work/.buildlink/share/pkgconfig /usr/pkg/bin/pkg-config  "$@"
[*] /usr/pkgsrc/x11/picom/work/.tools/bin/pkg-config --libs xcb
<.> set args --libs xcb; shift; PKG_CONFIG_LIBDIR=/usr/pkgsrc/x11/picom/work/.buildlink/lib/pkgconfig:/usr/pkgsrc/x11/picom/work/.buildlink/share/pkgconfig /usr/pkg/bin/pkg-config  "$@"
[*] /usr/pkgsrc/x11/picom/work/.tools/bin/pkg-config --libs xcb
<.> set args --libs xcb; shift; PKG_CONFIG_LIBDIR=/usr/pkgsrc/x11/picom/work/.buildlink/lib/pkgconfig:/usr/pkgsrc/x11/picom/work/.buildlink/share/pkgconfig /usr/pkg/bin/pkg-config  "$@"
[*] cc -L/usr/pkg/lib -L/usr/lib -L/usr/pkg/lib/ev -L/usr/X11R7/lib -I/usr/pkg/include -I/usr/include -I/usr/pkg/include/ev -I/usr/X11R7/include -I/usr/X11R7/include/libdrm /usr/pkgsrc/x11/picom/work/picom-7.5/output/meson-private/tmpmoakhwz_/testfile.c -o /usr/pkgsrc/x11/picom/work/picom-7.5/output/meson-private/tmpmoakhwz_/output.exe -O2 -fPIC -D_FORTIFY_SOURCE=2 -D_FILE_OFFSET_BITS=64 -O0 -Wl,-zrelro -Wl,-znow -Wl,-R/usr/pkg/lib -Wl,-R/usr/lib -Wl,-R/usr/pkg/lib/ev -Wl,-R/usr/X11R7/lib
<.> /usr/pkgsrc/x11/picom/work/.gcc/bin/gcc -fcommon -L/usr/pkgsrc/x11/picom/work/.buildlink/lib -L/usr/pkgsrc/x11/picom/work/.buildlink/lib/ev -L/usr/pkgsrc/x11/picom/work/.x11-buildlink/lib -I/usr/pkgsrc/x11/picom/work/.buildlink/include -I/usr/pkgsrc/x11/picom/work/.buildlink/include/ev -I/usr/pkgsrc/x11/picom/work/.x11-buildlink/include -I/usr/pkgsrc/x11/picom/work/.x11-buildlink/include/libdrm /usr/pkgsrc/x11/picom/work/picom-7.5/output/meson-private/tmpmoakhwz_/testfile.c -o /usr/pkgsrc/x11/picom/work/picom-7.5/output/meson-private/tmpmoakhwz_/output.exe -O2 -fPIC -D_FORTIFY_SOURCE=2 -D_FILE_OFFSET_BITS=64 -O0 -Wl,-zrelro -Wl,-znow -Wl,-rpath,/usr/pkg/lib -Wl,-rpath,/usr/pkg/lib/ev -Wl,-rpath,/usr/X11R7/lib -fPIC -D_FORTIFY_SOURCE=2 -fstack-protector-strong -pie
[*] cc -I/usr/pkg/include -I/usr/include -I/usr/pkg/include/ev -I/usr/X11R7/include -I/usr/X11R7/include/libdrm /usr/pkgsrc/x11/picom/work/picom-7.5/output/meson-private/tmpjnem10ed/testfile.c -o /usr/pkgsrc/x11/picom/work/picom-7.5/output/meson-private/tmpjnem10ed/output.obj -c -O2 -fPIC -D_FORTIFY_SOURCE=2 -D_FILE_OFFSET_BITS=64 -O0 --print-search-dirs
<.> /usr/pkgsrc/x11/picom/work/.gcc/bin/gcc -fcommon -I/usr/pkgsrc/x11/picom/work/.buildlink/include -I/usr/pkgsrc/x11/picom/work/.buildlink/include/ev -I/usr/pkgsrc/x11/picom/work/.x11-buildlink/include -I/usr/pkgsrc/x11/picom/work/.x11-buildlink/include/libdrm /usr/pkgsrc/x11/picom/work/picom-7.5/output/meson-private/tmpjnem10ed/testfile.c -o /usr/pkgsrc/x11/picom/work/picom-7.5/output/meson-private/tmpjnem10ed/output.obj -c -O2 -fPIC -D_FORTIFY_SOURCE=2 -D_FILE_OFFSET_BITS=64 -O0 --print-search-dirs -fPIC -D_FORTIFY_SOURCE=2 -fstack-protector-strong
[*] /usr/pkgsrc/x11/picom/work/.tools/bin/pkg-config --modversion x11
<.> set args --modversion x11; shift; PKG_CONFIG_LIBDIR=/usr/pkgsrc/x11/picom/work/.buildlink/lib/pkgconfig:/usr/pkgsrc/x11/picom/work/.buildlink/share/pkgconfig /usr/pkg/bin/pkg-config  "$@"
[*] /usr/pkgsrc/x11/picom/work/.tools/bin/pkg-config --cflags x11
<.> set args --cflags x11; shift; PKG_CONFIG_LIBDIR=/usr/pkgsrc/x11/picom/work/.buildlink/lib/pkgconfig:/usr/pkgsrc/x11/picom/work/.buildlink/share/pkgconfig /usr/pkg/bin/pkg-config  "$@"
[*] /usr/pkgsrc/x11/picom/work/.tools/bin/pkg-config --libs x11
<.> set args --libs x11; shift; PKG_CONFIG_LIBDIR=/usr/pkgsrc/x11/picom/work/.buildlink/lib/pkgconfig:/usr/pkgsrc/x11/picom/work/.buildlink/share/pkgconfig /usr/pkg/bin/pkg-config  "$@"
[*] /usr/pkgsrc/x11/picom/work/.tools/bin/pkg-config --libs x11
<.> set args --libs x11; shift; PKG_CONFIG_LIBDIR=/usr/pkgsrc/x11/picom/work/.buildlink/lib/pkgconfig:/usr/pkgsrc/x11/picom/work/.buildlink/share/pkgconfig /usr/pkg/bin/pkg-config  "$@"
[*] /usr/pkgsrc/x11/picom/work/.tools/bin/pkg-config --modversion x11-xcb
<.> set args --modversion x11-xcb; shift; PKG_CONFIG_LIBDIR=/usr/pkgsrc/x11/picom/work/.buildlink/lib/pkgconfig:/usr/pkgsrc/x11/picom/work/.buildlink/share/pkgconfig /usr/pkg/bin/pkg-config  "$@"
[*] /usr/pkgsrc/x11/picom/work/.tools/bin/pkg-config --cflags x11-xcb
<.> set args --cflags x11-xcb; shift; PKG_CONFIG_LIBDIR=/usr/pkgsrc/x11/picom/work/.buildlink/lib/pkgconfig:/usr/pkgsrc/x11/picom/work/.buildlink/share/pkgconfig /usr/pkg/bin/pkg-config  "$@"
[*] /usr/pkgsrc/x11/picom/work/.tools/bin/pkg-config --libs x11-xcb
<.> set args --libs x11-xcb; shift; PKG_CONFIG_LIBDIR=/usr/pkgsrc/x11/picom/work/.buildlink/lib/pkgconfig:/usr/pkgsrc/x11/picom/work/.buildlink/share/pkgconfig /usr/pkg/bin/pkg-config  "$@"
[*] /usr/pkgsrc/x11/picom/work/.tools/bin/pkg-config --libs x11-xcb
<.> set args --libs x11-xcb; shift; PKG_CONFIG_LIBDIR=/usr/pkgsrc/x11/picom/work/.buildlink/lib/pkgconfig:/usr/pkgsrc/x11/picom/work/.buildlink/share/pkgconfig /usr/pkg/bin/pkg-config  "$@"
[*] /usr/pkgsrc/x11/picom/work/.tools/bin/pkg-config --modversion xcb-renderutil
<.> set args --modversion xcb-renderutil; shift; PKG_CONFIG_LIBDIR=/usr/pkgsrc/x11/picom/work/.buildlink/lib/pkgconfig:/usr/pkgsrc/x11/picom/work/.buildlink/share/pkgconfig /usr/pkg/bin/pkg-config  "$@"
[*] /usr/pkgsrc/x11/picom/work/.tools/bin/pkg-config --cflags xcb-renderutil
<.> set args --cflags xcb-renderutil; shift; PKG_CONFIG_LIBDIR=/usr/pkgsrc/x11/picom/work/.buildlink/lib/pkgconfig:/usr/pkgsrc/x11/picom/work/.buildlink/share/pkgconfig /usr/pkg/bin/pkg-config  "$@"
[*] /usr/pkgsrc/x11/picom/work/.tools/bin/pkg-config --libs xcb-renderutil
<.> set args --libs xcb-renderutil; shift; PKG_CONFIG_LIBDIR=/usr/pkgsrc/x11/picom/work/.buildlink/lib/pkgconfig:/usr/pkgsrc/x11/picom/work/.buildlink/share/pkgconfig /usr/pkg/bin/pkg-config  "$@"
[*] /usr/pkgsrc/x11/picom/work/.tools/bin/pkg-config --libs xcb-renderutil
<.> set args --libs xcb-renderutil; shift; PKG_CONFIG_LIBDIR=/usr/pkgsrc/x11/picom/work/.buildlink/lib/pkgconfig:/usr/pkgsrc/x11/picom/work/.buildlink/share/pkgconfig /usr/pkg/bin/pkg-config  "$@"
[*] /usr/pkgsrc/x11/picom/work/.tools/bin/pkg-config --modversion xcb-render
<.> set args --modversion xcb-render; shift; PKG_CONFIG_LIBDIR=/usr/pkgsrc/x11/picom/work/.buildlink/lib/pkgconfig:/usr/pkgsrc/x11/picom/work/.buildlink/share/pkgconfig /usr/pkg/bin/pkg-config  "$@"
[*] /usr/pkgsrc/x11/picom/work/.tools/bin/pkg-config --cflags xcb-render
<.> set args --cflags xcb-render; shift; PKG_CONFIG_LIBDIR=/usr/pkgsrc/x11/picom/work/.buildlink/lib/pkgconfig:/usr/pkgsrc/x11/picom/work/.buildlink/share/pkgconfig /usr/pkg/bin/pkg-config  "$@"
[*] /usr/pkgsrc/x11/picom/work/.tools/bin/pkg-config --libs xcb-render
<.> set args --libs xcb-render; shift; PKG_CONFIG_LIBDIR=/usr/pkgsrc/x11/picom/work/.buildlink/lib/pkgconfig:/usr/pkgsrc/x11/picom/work/.buildlink/share/pkgconfig /usr/pkg/bin/pkg-config  "$@"
[*] /usr/pkgsrc/x11/picom/work/.tools/bin/pkg-config --libs xcb-render
<.> set args --libs xcb-render; shift; PKG_CONFIG_LIBDIR=/usr/pkgsrc/x11/picom/work/.buildlink/lib/pkgconfig:/usr/pkgsrc/x11/picom/work/.buildlink/share/pkgconfig /usr/pkg/bin/pkg-config  "$@"
[*] /usr/pkgsrc/x11/picom/work/.tools/bin/pkg-config --modversion xcb-damage
<.> set args --modversion xcb-damage; shift; PKG_CONFIG_LIBDIR=/usr/pkgsrc/x11/picom/work/.buildlink/lib/pkgconfig:/usr/pkgsrc/x11/picom/work/.buildlink/share/pkgconfig /usr/pkg/bin/pkg-config  "$@"
[*] /usr/pkgsrc/x11/picom/work/.tools/bin/pkg-config --cflags xcb-damage
<.> set args --cflags xcb-damage; shift; PKG_CONFIG_LIBDIR=/usr/pkgsrc/x11/picom/work/.buildlink/lib/pkgconfig:/usr/pkgsrc/x11/picom/work/.buildlink/share/pkgconfig /usr/pkg/bin/pkg-config  "$@"
[*] /usr/pkgsrc/x11/picom/work/.tools/bin/pkg-config --libs xcb-damage
<.> set args --libs xcb-damage; shift; PKG_CONFIG_LIBDIR=/usr/pkgsrc/x11/picom/work/.buildlink/lib/pkgconfig:/usr/pkgsrc/x11/picom/work/.buildlink/share/pkgconfig /usr/pkg/bin/pkg-config  "$@"
[*] /usr/pkgsrc/x11/picom/work/.tools/bin/pkg-config --libs xcb-damage
<.> set args --libs xcb-damage; shift; PKG_CONFIG_LIBDIR=/usr/pkgsrc/x11/picom/work/.buildlink/lib/pkgconfig:/usr/pkgsrc/x11/picom/work/.buildlink/share/pkgconfig /usr/pkg/bin/pkg-config  "$@"
[*] /usr/pkgsrc/x11/picom/work/.tools/bin/pkg-config --modversion xcb-randr
<.> set args --modversion xcb-randr; shift; PKG_CONFIG_LIBDIR=/usr/pkgsrc/x11/picom/work/.buildlink/lib/pkgconfig:/usr/pkgsrc/x11/picom/work/.buildlink/share/pkgconfig /usr/pkg/bin/pkg-config  "$@"
[*] /usr/pkgsrc/x11/picom/work/.tools/bin/pkg-config --cflags xcb-randr
<.> set args --cflags xcb-randr; shift; PKG_CONFIG_LIBDIR=/usr/pkgsrc/x11/picom/work/.buildlink/lib/pkgconfig:/usr/pkgsrc/x11/picom/work/.buildlink/share/pkgconfig /usr/pkg/bin/pkg-config  "$@"
[*] /usr/pkgsrc/x11/picom/work/.tools/bin/pkg-config --libs xcb-randr
<.> set args --libs xcb-randr; shift; PKG_CONFIG_LIBDIR=/usr/pkgsrc/x11/picom/work/.buildlink/lib/pkgconfig:/usr/pkgsrc/x11/picom/work/.buildlink/share/pkgconfig /usr/pkg/bin/pkg-config  "$@"
[*] /usr/pkgsrc/x11/picom/work/.tools/bin/pkg-config --libs xcb-randr
<.> set args --libs xcb-randr; shift; PKG_CONFIG_LIBDIR=/usr/pkgsrc/x11/picom/work/.buildlink/lib/pkgconfig:/usr/pkgsrc/x11/picom/work/.buildlink/share/pkgconfig /usr/pkg/bin/pkg-config  "$@"
[*] /usr/pkgsrc/x11/picom/work/.tools/bin/pkg-config --modversion xcb-sync
<.> set args --modversion xcb-sync; shift; PKG_CONFIG_LIBDIR=/usr/pkgsrc/x11/picom/work/.buildlink/lib/pkgconfig:/usr/pkgsrc/x11/picom/work/.buildlink/share/pkgconfig /usr/pkg/bin/pkg-config  "$@"
[*] /usr/pkgsrc/x11/picom/work/.tools/bin/pkg-config --cflags xcb-sync
<.> set args --cflags xcb-sync; shift; PKG_CONFIG_LIBDIR=/usr/pkgsrc/x11/picom/work/.buildlink/lib/pkgconfig:/usr/pkgsrc/x11/picom/work/.buildlink/share/pkgconfig /usr/pkg/bin/pkg-config  "$@"
[*] /usr/pkgsrc/x11/picom/work/.tools/bin/pkg-config --libs xcb-sync
<.> set args --libs xcb-sync; shift; PKG_CONFIG_LIBDIR=/usr/pkgsrc/x11/picom/work/.buildlink/lib/pkgconfig:/usr/pkgsrc/x11/picom/work/.buildlink/share/pkgconfig /usr/pkg/bin/pkg-config  "$@"
[*] /usr/pkgsrc/x11/picom/work/.tools/bin/pkg-config --libs xcb-sync
<.> set args --libs xcb-sync; shift; PKG_CONFIG_LIBDIR=/usr/pkgsrc/x11/picom/work/.buildlink/lib/pkgconfig:/usr/pkgsrc/x11/picom/work/.buildlink/share/pkgconfig /usr/pkg/bin/pkg-config  "$@"
[*] /usr/pkgsrc/x11/picom/work/.tools/bin/pkg-config --modversion xcb-composite
<.> set args --modversion xcb-composite; shift; PKG_CONFIG_LIBDIR=/usr/pkgsrc/x11/picom/work/.buildlink/lib/pkgconfig:/usr/pkgsrc/x11/picom/work/.buildlink/share/pkgconfig /usr/pkg/bin/pkg-config  "$@"
[*] /usr/pkgsrc/x11/picom/work/.tools/bin/pkg-config --cflags xcb-composite
<.> set args --cflags xcb-composite; shift; PKG_CONFIG_LIBDIR=/usr/pkgsrc/x11/picom/work/.buildlink/lib/pkgconfig:/usr/pkgsrc/x11/picom/work/.buildlink/share/pkgconfig /usr/pkg/bin/pkg-config  "$@"
[*] /usr/pkgsrc/x11/picom/work/.tools/bin/pkg-config --libs xcb-composite
<.> set args --libs xcb-composite; shift; PKG_CONFIG_LIBDIR=/usr/pkgsrc/x11/picom/work/.buildlink/lib/pkgconfig:/usr/pkgsrc/x11/picom/work/.buildlink/share/pkgconfig /usr/pkg/bin/pkg-config  "$@"
[*] /usr/pkgsrc/x11/picom/work/.tools/bin/pkg-config --libs xcb-composite
<.> set args --libs xcb-composite; shift; PKG_CONFIG_LIBDIR=/usr/pkgsrc/x11/picom/work/.buildlink/lib/pkgconfig:/usr/pkgsrc/x11/picom/work/.buildlink/share/pkgconfig /usr/pkg/bin/pkg-config  "$@"
[*] /usr/pkgsrc/x11/picom/work/.tools/bin/pkg-config --modversion xcb-shape
<.> set args --modversion xcb-shape; shift; PKG_CONFIG_LIBDIR=/usr/pkgsrc/x11/picom/work/.buildlink/lib/pkgconfig:/usr/pkgsrc/x11/picom/work/.buildlink/share/pkgconfig /usr/pkg/bin/pkg-config  "$@"
[*] /usr/pkgsrc/x11/picom/work/.tools/bin/pkg-config --cflags xcb-shape
<.> set args --cflags xcb-shape; shift; PKG_CONFIG_LIBDIR=/usr/pkgsrc/x11/picom/work/.buildlink/lib/pkgconfig:/usr/pkgsrc/x11/picom/work/.buildlink/share/pkgconfig /usr/pkg/bin/pkg-config  "$@"
[*] /usr/pkgsrc/x11/picom/work/.tools/bin/pkg-config --libs xcb-shape
<.> set args --libs xcb-shape; shift; PKG_CONFIG_LIBDIR=/usr/pkgsrc/x11/picom/work/.buildlink/lib/pkgconfig:/usr/pkgsrc/x11/picom/work/.buildlink/share/pkgconfig /usr/pkg/bin/pkg-config  "$@"
[*] /usr/pkgsrc/x11/picom/work/.tools/bin/pkg-config --libs xcb-shape
<.> set args --libs xcb-shape; shift; PKG_CONFIG_LIBDIR=/usr/pkgsrc/x11/picom/work/.buildlink/lib/pkgconfig:/usr/pkgsrc/x11/picom/work/.buildlink/share/pkgconfig /usr/pkg/bin/pkg-config  "$@"
[*] /usr/pkgsrc/x11/picom/work/.tools/bin/pkg-config --modversion xcb-image
<.> set args --modversion xcb-image; shift; PKG_CONFIG_LIBDIR=/usr/pkgsrc/x11/picom/work/.buildlink/lib/pkgconfig:/usr/pkgsrc/x11/picom/work/.buildlink/share/pkgconfig /usr/pkg/bin/pkg-config  "$@"
[*] /usr/pkgsrc/x11/picom/work/.tools/bin/pkg-config --cflags xcb-image
<.> set args --cflags xcb-image; shift; PKG_CONFIG_LIBDIR=/usr/pkgsrc/x11/picom/work/.buildlink/lib/pkgconfig:/usr/pkgsrc/x11/picom/work/.buildlink/share/pkgconfig /usr/pkg/bin/pkg-config  "$@"
[*] /usr/pkgsrc/x11/picom/work/.tools/bin/pkg-config --libs xcb-image
<.> set args --libs xcb-image; shift; PKG_CONFIG_LIBDIR=/usr/pkgsrc/x11/picom/work/.buildlink/lib/pkgconfig:/usr/pkgsrc/x11/picom/work/.buildlink/share/pkgconfig /usr/pkg/bin/pkg-config  "$@"
[*] /usr/pkgsrc/x11/picom/work/.tools/bin/pkg-config --libs xcb-image
<.> set args --libs xcb-image; shift; PKG_CONFIG_LIBDIR=/usr/pkgsrc/x11/picom/work/.buildlink/lib/pkgconfig:/usr/pkgsrc/x11/picom/work/.buildlink/share/pkgconfig /usr/pkg/bin/pkg-config  "$@"
[*] /usr/pkgsrc/x11/picom/work/.tools/bin/pkg-config --modversion xcb-xinerama
<.> set args --modversion xcb-xinerama; shift; PKG_CONFIG_LIBDIR=/usr/pkgsrc/x11/picom/work/.buildlink/lib/pkgconfig:/usr/pkgsrc/x11/picom/work/.buildlink/share/pkgconfig /usr/pkg/bin/pkg-config  "$@"
[*] /usr/pkgsrc/x11/picom/work/.tools/bin/pkg-config --cflags xcb-xinerama
<.> set args --cflags xcb-xinerama; shift; PKG_CONFIG_LIBDIR=/usr/pkgsrc/x11/picom/work/.buildlink/lib/pkgconfig:/usr/pkgsrc/x11/picom/work/.buildlink/share/pkgconfig /usr/pkg/bin/pkg-config  "$@"
[*] /usr/pkgsrc/x11/picom/work/.tools/bin/pkg-config --libs xcb-xinerama
<.> set args --libs xcb-xinerama; shift; PKG_CONFIG_LIBDIR=/usr/pkgsrc/x11/picom/work/.buildlink/lib/pkgconfig:/usr/pkgsrc/x11/picom/work/.buildlink/share/pkgconfig /usr/pkg/bin/pkg-config  "$@"
[*] /usr/pkgsrc/x11/picom/work/.tools/bin/pkg-config --libs xcb-xinerama
<.> set args --libs xcb-xinerama; shift; PKG_CONFIG_LIBDIR=/usr/pkgsrc/x11/picom/work/.buildlink/lib/pkgconfig:/usr/pkgsrc/x11/picom/work/.buildlink/share/pkgconfig /usr/pkg/bin/pkg-config  "$@"
[*] /usr/pkgsrc/x11/picom/work/.tools/bin/pkg-config --modversion xcb-xfixes
<.> set args --modversion xcb-xfixes; shift; PKG_CONFIG_LIBDIR=/usr/pkgsrc/x11/picom/work/.buildlink/lib/pkgconfig:/usr/pkgsrc/x11/picom/work/.buildlink/share/pkgconfig /usr/pkg/bin/pkg-config  "$@"
[*] /usr/pkgsrc/x11/picom/work/.tools/bin/pkg-config --cflags xcb-xfixes
<.> set args --cflags xcb-xfixes; shift; PKG_CONFIG_LIBDIR=/usr/pkgsrc/x11/picom/work/.buildlink/lib/pkgconfig:/usr/pkgsrc/x11/picom/work/.buildlink/share/pkgconfig /usr/pkg/bin/pkg-config  "$@"
[*] /usr/pkgsrc/x11/picom/work/.tools/bin/pkg-config --libs xcb-xfixes
<.> set args --libs xcb-xfixes; shift; PKG_CONFIG_LIBDIR=/usr/pkgsrc/x11/picom/work/.buildlink/lib/pkgconfig:/usr/pkgsrc/x11/picom/work/.buildlink/share/pkgconfig /usr/pkg/bin/pkg-config  "$@"
[*] /usr/pkgsrc/x11/picom/work/.tools/bin/pkg-config --libs xcb-xfixes
<.> set args --libs xcb-xfixes; shift; PKG_CONFIG_LIBDIR=/usr/pkgsrc/x11/picom/work/.buildlink/lib/pkgconfig:/usr/pkgsrc/x11/picom/work/.buildlink/share/pkgconfig /usr/pkg/bin/pkg-config  "$@"
[*] /usr/pkgsrc/x11/picom/work/.tools/bin/pkg-config --modversion xcb-present
<.> set args --modversion xcb-present; shift; PKG_CONFIG_LIBDIR=/usr/pkgsrc/x11/picom/work/.buildlink/lib/pkgconfig:/usr/pkgsrc/x11/picom/work/.buildlink/share/pkgconfig /usr/pkg/bin/pkg-config  "$@"
[*] /usr/pkgsrc/x11/picom/work/.tools/bin/pkg-config --cflags xcb-present
<.> set args --cflags xcb-present; shift; PKG_CONFIG_LIBDIR=/usr/pkgsrc/x11/picom/work/.buildlink/lib/pkgconfig:/usr/pkgsrc/x11/picom/work/.buildlink/share/pkgconfig /usr/pkg/bin/pkg-config  "$@"
[*] /usr/pkgsrc/x11/picom/work/.tools/bin/pkg-config --libs xcb-present
<.> set args --libs xcb-present; shift; PKG_CONFIG_LIBDIR=/usr/pkgsrc/x11/picom/work/.buildlink/lib/pkgconfig:/usr/pkgsrc/x11/picom/work/.buildlink/share/pkgconfig /usr/pkg/bin/pkg-config  "$@"
[*] /usr/pkgsrc/x11/picom/work/.tools/bin/pkg-config --libs xcb-present
<.> set args --libs xcb-present; shift; PKG_CONFIG_LIBDIR=/usr/pkgsrc/x11/picom/work/.buildlink/lib/pkgconfig:/usr/pkgsrc/x11/picom/work/.buildlink/share/pkgconfig /usr/pkg/bin/pkg-config  "$@"
[*] /usr/pkgsrc/x11/picom/work/.tools/bin/pkg-config --modversion xext
<.> set args --modversion xext; shift; PKG_CONFIG_LIBDIR=/usr/pkgsrc/x11/picom/work/.buildlink/lib/pkgconfig:/usr/pkgsrc/x11/picom/work/.buildlink/share/pkgconfig /usr/pkg/bin/pkg-config  "$@"
[*] /usr/pkgsrc/x11/picom/work/.tools/bin/pkg-config --cflags xext
<.> set args --cflags xext; shift; PKG_CONFIG_LIBDIR=/usr/pkgsrc/x11/picom/work/.buildlink/lib/pkgconfig:/usr/pkgsrc/x11/picom/work/.buildlink/share/pkgconfig /usr/pkg/bin/pkg-config  "$@"
[*] /usr/pkgsrc/x11/picom/work/.tools/bin/pkg-config --libs xext
<.> set args --libs xext; shift; PKG_CONFIG_LIBDIR=/usr/pkgsrc/x11/picom/work/.buildlink/lib/pkgconfig:/usr/pkgsrc/x11/picom/work/.buildlink/share/pkgconfig /usr/pkg/bin/pkg-config  "$@"
[*] /usr/pkgsrc/x11/picom/work/.tools/bin/pkg-config --libs xext
<.> set args --libs xext; shift; PKG_CONFIG_LIBDIR=/usr/pkgsrc/x11/picom/work/.buildlink/lib/pkgconfig:/usr/pkgsrc/x11/picom/work/.buildlink/share/pkgconfig /usr/pkg/bin/pkg-config  "$@"
[*] /usr/pkgsrc/x11/picom/work/.tools/bin/pkg-config --modversion pixman-1
<.> set args --modversion pixman-1; shift; PKG_CONFIG_LIBDIR=/usr/pkgsrc/x11/picom/work/.buildlink/lib/pkgconfig:/usr/pkgsrc/x11/picom/work/.buildlink/share/pkgconfig /usr/pkg/bin/pkg-config  "$@"
[*] /usr/pkgsrc/x11/picom/work/.tools/bin/pkg-config --cflags pixman-1
<.> set args --cflags pixman-1; shift; PKG_CONFIG_LIBDIR=/usr/pkgsrc/x11/picom/work/.buildlink/lib/pkgconfig:/usr/pkgsrc/x11/picom/work/.buildlink/share/pkgconfig /usr/pkg/bin/pkg-config  "$@"
[*] /usr/pkgsrc/x11/picom/work/.tools/bin/pkg-config --libs pixman-1
<.> set args --libs pixman-1; shift; PKG_CONFIG_LIBDIR=/usr/pkgsrc/x11/picom/work/.buildlink/lib/pkgconfig:/usr/pkgsrc/x11/picom/work/.buildlink/share/pkgconfig /usr/pkg/bin/pkg-config  "$@"
[*] /usr/pkgsrc/x11/picom/work/.tools/bin/pkg-config --libs pixman-1
<.> set args --libs pixman-1; shift; PKG_CONFIG_LIBDIR=/usr/pkgsrc/x11/picom/work/.buildlink/lib/pkgconfig:/usr/pkgsrc/x11/picom/work/.buildlink/share/pkgconfig /usr/pkg/bin/pkg-config  "$@"
[*] cc -I/usr/pkg/include -I/usr/include -I/usr/pkg/include/ev -I/usr/X11R7/include -I/usr/X11R7/include/libdrm /usr/pkgsrc/x11/picom/work/picom-7.5/output/meson-private/tmphdkk8ie5/testfile.c -E -P -O2 -fPIC -D_FORTIFY_SOURCE=2 -D_FILE_OFFSET_BITS=64 -P -O0 -std=c11
<.> /usr/pkgsrc/x11/picom/work/.gcc/bin/gcc -fcommon -I/usr/pkgsrc/x11/picom/work/.buildlink/include -I/usr/pkgsrc/x11/picom/work/.buildlink/include/ev -I/usr/pkgsrc/x11/picom/work/.x11-buildlink/include -I/usr/pkgsrc/x11/picom/work/.x11-buildlink/include/libdrm /usr/pkgsrc/x11/picom/work/picom-7.5/output/meson-private/tmphdkk8ie5/testfile.c -E -P -O2 -fPIC -D_FORTIFY_SOURCE=2 -D_FILE_OFFSET_BITS=64 -P -O0 -std=c11 -fPIC -D_FORTIFY_SOURCE=2 -fstack-protector-strong
[*] /usr/pkgsrc/x11/picom/work/.tools/bin/pkg-config --modversion libconfig
<.> set args --modversion libconfig; shift; PKG_CONFIG_LIBDIR=/usr/pkgsrc/x11/picom/work/.buildlink/lib/pkgconfig:/usr/pkgsrc/x11/picom/work/.buildlink/share/pkgconfig /usr/pkg/bin/pkg-config  "$@"
[*] /usr/pkgsrc/x11/picom/work/.tools/bin/pkg-config --cflags libconfig
<.> set args --cflags libconfig; shift; PKG_CONFIG_LIBDIR=/usr/pkgsrc/x11/picom/work/.buildlink/lib/pkgconfig:/usr/pkgsrc/x11/picom/work/.buildlink/share/pkgconfig /usr/pkg/bin/pkg-config  "$@"
[*] /usr/pkgsrc/x11/picom/work/.tools/bin/pkg-config --libs libconfig
<.> set args --libs libconfig; shift; PKG_CONFIG_LIBDIR=/usr/pkgsrc/x11/picom/work/.buildlink/lib/pkgconfig:/usr/pkgsrc/x11/picom/work/.buildlink/share/pkgconfig /usr/pkg/bin/pkg-config  "$@"
[*] /usr/pkgsrc/x11/picom/work/.tools/bin/pkg-config --libs libconfig
<.> set args --libs libconfig; shift; PKG_CONFIG_LIBDIR=/usr/pkgsrc/x11/picom/work/.buildlink/lib/pkgconfig:/usr/pkgsrc/x11/picom/work/.buildlink/share/pkgconfig /usr/pkg/bin/pkg-config  "$@"
[*] /usr/pkgsrc/x11/picom/work/.tools/bin/pkg-config --modversion libxdg-basedir
<.> set args --modversion libxdg-basedir; shift; PKG_CONFIG_LIBDIR=/usr/pkgsrc/x11/picom/work/.buildlink/lib/pkgconfig:/usr/pkgsrc/x11/picom/work/.buildlink/share/pkgconfig /usr/pkg/bin/pkg-config  "$@"
